# JRE version: OpenJDK Runtime Environment (11.0.15) (build 11.0.15+0-b2043.56-9505619)
# Java VM: OpenJDK 64-Bit Server VM (11.0.15+0-b2043.56-9505619, mixed mode, tiered, compressed oops, g1 gc, windows-amd64)
Heap:
 garbage-first heap   total 159744K, used 54197K [0x0000000085800000, 0x0000000100000000)
  region size 1024K, 20 young (20480K), 9 survivors (9216K)
 Metaspace       used 54292K, capacity 54841K, committed 55040K, reserved 1097728K
  class space    used 6152K, capacity 6367K, committed 6400K, reserved 1048576K
GC Heap History (14 events):
Event: 0.468 GC heap before
{Heap before GC invocations=0 (full 0):
 garbage-first heap   total 126976K, used 28672K [0x0000000085800000, 0x0000000100000000)
  region size 1024K, 24 young (24576K), 0 survivors (0K)
 Metaspace       used 12141K, capacity 12280K, committed 12544K, reserved 1060864K
  class space    used 1121K, capacity 1175K, committed 1280K, reserved 1048576K
}
Event: 0.471 GC heap after
{Heap after GC invocations=1 (full 0):
 garbage-first heap   total 126976K, used 6963K [0x0000000085800000, 0x0000000100000000)
  region size 1024K, 3 young (3072K), 3 survivors (3072K)
 Metaspace       used 12141K, capacity 12280K, committed 12544K, reserved 1060864K
  class space    used 1121K, capacity 1175K, committed 1280K, reserved 1048576K
}
Event: 0.909 GC heap before
{Heap before GC invocations=1 (full 0):
 garbage-first heap   total 126976K, used 44851K [0x0000000085800000, 0x0000000100000000)
  region size 1024K, 41 young (41984K), 3 survivors (3072K)
 Metaspace       used 21006K, capacity 21185K, committed 21248K, reserved 1069056K
  class space    used 2217K, capacity 2302K, committed 2304K, reserved 1048576K
}
Event: 0.919 GC heap after
{Heap after GC invocations=2 (full 0):
 garbage-first heap   total 126976K, used 10240K [0x0000000085800000, 0x0000000100000000)
  region size 1024K, 6 young (6144K), 6 survivors (6144K)
 Metaspace       used 21006K, capacity 21185K, committed 21248K, reserved 1069056K
  class space    used 2217K, capacity 2302K, committed 2304K, reserved 1048576K
}
Event: 1.527 GC heap before
{Heap before GC invocations=3 (full 0):
 garbage-first heap   total 126976K, used 67584K [0x0000000085800000, 0x0000000100000000)
  region size 1024K, 56 young (57344K), 6 survivors (6144K)
 Metaspace       used 32123K, capacity 32578K, committed 32640K, reserved 1077248K
  class space    used 3992K, capacity 4177K, committed 4224K, reserved 1048576K
}
Event: 1.545 GC heap after
{Heap after GC invocations=4 (full 0):
 garbage-first heap   total 126976K, used 23153K [0x0000000085800000, 0x0000000100000000)
  region size 1024K, 7 young (7168K), 7 survivors (7168K)
 Metaspace       used 32123K, capacity 32578K, committed 32640K, reserved 1077248K
  class space    used 3992K, capacity 4177K, committed 4224K, reserved 1048576K
}
Event: 1.701 GC heap before
{Heap before GC invocations=4 (full 0):
 garbage-first heap   total 126976K, used 37489K [0x0000000085800000, 0x0000000100000000)
  region size 1024K, 22 young (22528K), 7 survivors (7168K)
 Metaspace       used 35312K, capacity 35725K, committed 35840K, reserved 1081344K
  class space    used 4329K, capacity 4501K, committed 4608K, reserved 1048576K
}
Event: 1.711 GC heap after
{Heap after GC invocations=5 (full 0):
 garbage-first heap   total 126976K, used 25233K [0x0000000085800000, 0x0000000100000000)
  region size 1024K, 2 young (2048K), 2 survivors (2048K)
 Metaspace       used 35312K, capacity 35725K, committed 35840K, reserved 1081344K
  class space    used 4329K, capacity 4501K, committed 4608K, reserved 1048576K
}
Event: 2.194 GC heap before
{Heap before GC invocations=6 (full 0):
 garbage-first heap   total 126976K, used 69265K [0x0000000085800000, 0x0000000100000000)
  region size 1024K, 45 young (46080K), 2 survivors (2048K)
 Metaspace       used 44512K, capacity 44983K, committed 45184K, reserved 1089536K
  class space    used 5227K, capacity 5430K, committed 5504K, reserved 1048576K
}
Event: 2.204 GC heap after
{Heap after GC invocations=7 (full 0):
 garbage-first heap   total 159744K, used 26961K [0x0000000085800000, 0x0000000100000000)
  region size 1024K, 6 young (6144K), 6 survivors (6144K)
 Metaspace       used 44512K, capacity 44983K, committed 45184K, reserved 1089536K
  class space    used 5227K, capacity 5430K, committed 5504K, reserved 1048576K
}
Event: 2.849 GC heap before
{Heap before GC invocations=7 (full 0):
 garbage-first heap   total 159744K, used 86353K [0x0000000085800000, 0x0000000100000000)
  region size 1024K, 61 young (62464K), 6 survivors (6144K)
 Metaspace       used 49967K, capacity 50472K, committed 50688K, reserved 1093632K
  class space    used 5824K, capacity 6044K, committed 6144K, reserved 1048576K
}
Event: 2.859 GC heap after
{Heap after GC invocations=8 (full 0):
 garbage-first heap   total 159744K, used 34917K [0x0000000085800000, 0x0000000100000000)
  region size 1024K, 8 young (8192K), 8 survivors (8192K)
 Metaspace       used 49967K, capacity 50472K, committed 50688K, reserved 1093632K
  class space    used 5824K, capacity 6044K, committed 6144K, reserved 1048576K
}
Event: 3.524 GC heap before
{Heap before GC invocations=8 (full 0):
 garbage-first heap   total 159744K, used 93285K [0x0000000085800000, 0x0000000100000000)
  region size 1024K, 65 young (66560K), 8 survivors (8192K)
 Metaspace       used 52516K, capacity 53000K, committed 53376K, reserved 1095680K
  class space    used 5955K, capacity 6158K, committed 6272K, reserved 1048576K
}
Event: 3.541 GC heap after
{Heap after GC invocations=9 (full 0):
 garbage-first heap   total 159744K, used 43957K [0x0000000085800000, 0x0000000100000000)
  region size 1024K, 9 young (9216K), 9 survivors (9216K)
 Metaspace       used 52516K, capacity 53000K, committed 53376K, reserved 1095680K
  class space    used 5955K, capacity 6158K, committed 6272K, reserved 1048576K
}

