# JRE version: OpenJDK Runtime Environment (11.0.15) (build 11.0.15+0-b2043.56-9505619)
# Java VM: OpenJDK 64-Bit Server VM (11.0.15+0-b2043.56-9505619, mixed mode, tiered, compressed oops, g1 gc, windows-amd64)
Heap:
 garbage-first heap   total 201728K, used 61869K [0x0000000085800000, 0x0000000100000000)
  region size 1024K, 9 young (9216K), 9 survivors (9216K)
 Metaspace       used 69885K, capacity 70570K, committed 70868K, reserved 1112064K
  class space    used 7744K, capacity 8013K, committed 8112K, reserved 1048576K
GC Heap History (17 events):
Event: 0.445 GC heap before
{Heap before GC invocations=0 (full 0):
 garbage-first heap   total 126976K, used 28672K [0x0000000085800000, 0x0000000100000000)
  region size 1024K, 24 young (24576K), 0 survivors (0K)
 Metaspace       used 12150K, capacity 12280K, committed 12544K, reserved 1060864K
  class space    used 1121K, capacity 1175K, committed 1280K, reserved 1048576K
}
Event: 0.448 GC heap after
{Heap after GC invocations=1 (full 0):
 garbage-first heap   total 126976K, used 6820K [0x0000000085800000, 0x0000000100000000)
  region size 1024K, 3 young (3072K), 3 survivors (3072K)
 Metaspace       used 12150K, capacity 12280K, committed 12544K, reserved 1060864K
  class space    used 1121K, capacity 1175K, committed 1280K, reserved 1048576K
}
Event: 0.919 GC heap before
{Heap before GC invocations=1 (full 0):
 garbage-first heap   total 126976K, used 44708K [0x0000000085800000, 0x0000000100000000)
  region size 1024K, 41 young (41984K), 3 survivors (3072K)
 Metaspace       used 21044K, capacity 21200K, committed 21296K, reserved 1069056K
  class space    used 2227K, capacity 2308K, committed 2352K, reserved 1048576K
}
Event: 0.929 GC heap after
{Heap after GC invocations=2 (full 0):
 garbage-first heap   total 126976K, used 10540K [0x0000000085800000, 0x0000000100000000)
  region size 1024K, 7 young (7168K), 7 survivors (7168K)
 Metaspace       used 21044K, capacity 21200K, committed 21296K, reserved 1069056K
  class space    used 2227K, capacity 2308K, committed 2352K, reserved 1048576K
}
Event: 1.680 GC heap before
{Heap before GC invocations=3 (full 0):
 garbage-first heap   total 126976K, used 68908K [0x0000000085800000, 0x0000000100000000)
  region size 1024K, 58 young (59392K), 7 survivors (7168K)
 Metaspace       used 32468K, capacity 32930K, committed 33200K, reserved 1079296K
  class space    used 4038K, capacity 4209K, committed 4272K, reserved 1048576K
}
Event: 1.699 GC heap after
{Heap after GC invocations=4 (full 0):
 garbage-first heap   total 126976K, used 23261K [0x0000000085800000, 0x0000000100000000)
  region size 1024K, 8 young (8192K), 8 survivors (8192K)
 Metaspace       used 32468K, capacity 32930K, committed 33200K, reserved 1079296K
  class space    used 4038K, capacity 4209K, committed 4272K, reserved 1048576K
}
Event: 1.861 GC heap before
{Heap before GC invocations=4 (full 0):
 garbage-first heap   total 126976K, used 37597K [0x0000000085800000, 0x0000000100000000)
  region size 1024K, 23 young (23552K), 8 survivors (8192K)
 Metaspace       used 35441K, capacity 35853K, committed 35920K, reserved 1081344K
  class space    used 4336K, capacity 4501K, committed 4528K, reserved 1048576K
}
Event: 1.876 GC heap after
{Heap after GC invocations=5 (full 0):
 garbage-first heap   total 126976K, used 23637K [0x0000000085800000, 0x0000000100000000)
  region size 1024K, 3 young (3072K), 3 survivors (3072K)
 Metaspace       used 35441K, capacity 35853K, committed 35920K, reserved 1081344K
  class space    used 4336K, capacity 4501K, committed 4528K, reserved 1048576K
}
Event: 2.358 GC heap before
{Heap before GC invocations=6 (full 0):
 garbage-first heap   total 126976K, used 67669K [0x0000000085800000, 0x0000000100000000)
  region size 1024K, 46 young (47104K), 3 survivors (3072K)
 Metaspace       used 44689K, capacity 45209K, committed 45392K, reserved 1089536K
  class space    used 5246K, capacity 5462K, committed 5552K, reserved 1048576K
}
Event: 2.365 GC heap after
{Heap after GC invocations=7 (full 0):
 garbage-first heap   total 166912K, used 26869K [0x0000000085800000, 0x0000000100000000)
  region size 1024K, 6 young (6144K), 6 survivors (6144K)
 Metaspace       used 44689K, capacity 45209K, committed 45392K, reserved 1089536K
  class space    used 5246K, capacity 5462K, committed 5552K, reserved 1048576K
}
Event: 3.025 GC heap before
{Heap before GC invocations=7 (full 0):
 garbage-first heap   total 166912K, used 95477K [0x0000000085800000, 0x0000000100000000)
  region size 1024K, 70 young (71680K), 6 survivors (6144K)
 Metaspace       used 51093K, capacity 51664K, committed 51920K, reserved 1095680K
  class space    used 5893K, capacity 6117K, committed 6192K, reserved 1048576K
}
Event: 3.037 GC heap after
{Heap after GC invocations=8 (full 0):
 garbage-first heap   total 166912K, used 36973K [0x0000000085800000, 0x0000000100000000)
  region size 1024K, 9 young (9216K), 9 survivors (9216K)
 Metaspace       used 51093K, capacity 51664K, committed 51920K, reserved 1095680K
  class space    used 5893K, capacity 6117K, committed 6192K, reserved 1048576K
}
Event: 3.640 GC heap before
{Heap before GC invocations=8 (full 0):
 garbage-first heap   total 166912K, used 102509K [0x0000000085800000, 0x0000000100000000)
  region size 1024K, 73 young (74752K), 9 survivors (9216K)
 Metaspace       used 55093K, capacity 55590K, committed 55888K, reserved 1099776K
  class space    used 6248K, capacity 6467K, committed 6576K, reserved 1048576K
}
Event: 3.656 GC heap after
{Heap after GC invocations=9 (full 0):
 garbage-first heap   total 166912K, used 46062K [0x0000000085800000, 0x0000000100000000)
  region size 1024K, 9 young (9216K), 9 survivors (9216K)
 Metaspace       used 55093K, capacity 55590K, committed 55888K, reserved 1099776K
  class space    used 6248K, capacity 6467K, committed 6576K, reserved 1048576K
}
Event: 4.300 GC heap before
{Heap before GC invocations=9 (full 0):
 garbage-first heap   total 166912K, used 90094K [0x0000000085800000, 0x0000000100000000)
  region size 1024K, 52 young (53248K), 9 survivors (9216K)
 Metaspace       used 59456K, capacity 60086K, committed 60296K, reserved 1103872K
  class space    used 6676K, capacity 6921K, committed 6960K, reserved 1048576K
}
Event: 4.317 GC heap after
{Heap after GC invocations=10 (full 0):
 garbage-first heap   total 166912K, used 52710K [0x0000000085800000, 0x0000000100000000)
  region size 1024K, 7 young (7168K), 7 survivors (7168K)
 Metaspace       used 59456K, capacity 60086K, committed 60296K, reserved 1103872K
  class space    used 6676K, capacity 6921K, committed 6960K, reserved 1048576K
}
Event: 5.076 GC heap before
{Heap before GC invocations=11 (full 0):
 garbage-first heap   total 166912K, used 117222K [0x0000000085800000, 0x0000000100000000)
  region size 1024K, 70 young (71680K), 7 survivors (7168K)
 Metaspace       used 69885K, capacity 70570K, committed 70868K, reserved 1112064K
  class space    used 7744K, capacity 8013K, committed 8112K, reserved 1048576K
}

